{"C:\\Users\\Salom\\Desktop\\LOLA DOCS\\fullStack\\Front-End\\Projects\\movie-bit\\src\\components\\movieCard\\MovieCard.jsx": {"path":"C:\\Users\\Salom\\Desktop\\LOLA DOCS\\fullStack\\Front-End\\Projects\\movie-bit\\src\\components\\movieCard\\MovieCard.jsx","statementMap":{"0":{"start":{"line":12,"column":18},"end":{"line":38,"column":1}},"1":{"start":{"line":13,"column":18},"end":{"line":13,"column":52}},"2":{"start":{"line":13,"column":41},"end":{"line":13,"column":51}},"3":{"start":{"line":14,"column":19},"end":{"line":14,"column":32}},"4":{"start":{"line":15,"column":20},"end":{"line":15,"column":85}},"5":{"start":{"line":17,"column":26},"end":{"line":19,"column":3}},"6":{"start":{"line":18,"column":4},"end":{"line":18,"column":60}},"7":{"start":{"line":21,"column":2},"end":{"line":37,"column":4}},"8":{"start":{"line":40,"column":0},"end":{"line":55,"column":2}}},"fnMap":{"0":{"name":"(anonymous_0)","decl":{"start":{"line":12,"column":18},"end":{"line":12,"column":19}},"loc":{"start":{"line":12,"column":55},"end":{"line":38,"column":1}},"line":12},"1":{"name":"(anonymous_1)","decl":{"start":{"line":13,"column":30},"end":{"line":13,"column":31}},"loc":{"start":{"line":13,"column":41},"end":{"line":13,"column":51}},"line":13},"2":{"name":"(anonymous_2)","decl":{"start":{"line":17,"column":26},"end":{"line":17,"column":27}},"loc":{"start":{"line":17,"column":32},"end":{"line":19,"column":3}},"line":17}},"branchMap":{"0":{"loc":{"start":{"line":15,"column":20},"end":{"line":15,"column":85}},"type":"cond-expr","locations":[{"start":{"line":15,"column":39},"end":{"line":15,"column":68}},{"start":{"line":15,"column":71},"end":{"line":15,"column":85}}],"line":15},"1":{"loc":{"start":{"line":18,"column":17},"end":{"line":18,"column":45}},"type":"binary-expr","locations":[{"start":{"line":18,"column":17},"end":{"line":18,"column":32}},{"start":{"line":18,"column":36},"end":{"line":18,"column":45}}],"line":18},"2":{"loc":{"start":{"line":25,"column":9},"end":{"line":30,"column":9}},"type":"binary-expr","locations":[{"start":{"line":25,"column":9},"end":{"line":25,"column":20}},{"start":{"line":26,"column":10},"end":{"line":29,"column":13}}],"line":25},"3":{"loc":{"start":{"line":33,"column":33},"end":{"line":33,"column":56}},"type":"binary-expr","locations":[{"start":{"line":33,"column":33},"end":{"line":33,"column":43}},{"start":{"line":33,"column":47},"end":{"line":33,"column":56}}],"line":33}},"s":{"0":0,"1":0,"2":0,"3":0,"4":0,"5":0,"6":0,"7":0,"8":0},"f":{"0":0,"1":0,"2":0},"b":{"0":[0,0],"1":[0,0],"2":[0,0],"3":[0,0]}}
,"C:\\Users\\Salom\\Desktop\\LOLA DOCS\\fullStack\\Front-End\\Projects\\movie-bit\\src\\hooks\\useFetch.js": {"path":"C:\\Users\\Salom\\Desktop\\LOLA DOCS\\fullStack\\Front-End\\Projects\\movie-bit\\src\\hooks\\useFetch.js","statementMap":{"0":{"start":{"line":4,"column":17},"end":{"line":29,"column":1}},"1":{"start":{"line":5,"column":26},"end":{"line":5,"column":40}},"2":{"start":{"line":6,"column":32},"end":{"line":6,"column":46}},"3":{"start":{"line":7,"column":28},"end":{"line":7,"column":42}},"4":{"start":{"line":9,"column":2},"end":{"line":26,"column":12}},"5":{"start":{"line":10,"column":22},"end":{"line":23,"column":5}},"6":{"start":{"line":11,"column":6},"end":{"line":22,"column":7}},"7":{"start":{"line":12,"column":8},"end":{"line":12,"column":25}},"8":{"start":{"line":13,"column":8},"end":{"line":13,"column":22}},"9":{"start":{"line":14,"column":8},"end":{"line":14,"column":23}},"10":{"start":{"line":16,"column":20},"end":{"line":16,"column":47}},"11":{"start":{"line":17,"column":8},"end":{"line":17,"column":26}},"12":{"start":{"line":18,"column":8},"end":{"line":18,"column":21}},"13":{"start":{"line":20,"column":8},"end":{"line":20,"column":26}},"14":{"start":{"line":21,"column":8},"end":{"line":21,"column":42}},"15":{"start":{"line":25,"column":4},"end":{"line":25,"column":16}},"16":{"start":{"line":28,"column":2},"end":{"line":28,"column":34}}},"fnMap":{"0":{"name":"(anonymous_0)","decl":{"start":{"line":4,"column":17},"end":{"line":4,"column":18}},"loc":{"start":{"line":4,"column":26},"end":{"line":29,"column":1}},"line":4},"1":{"name":"(anonymous_1)","decl":{"start":{"line":9,"column":12},"end":{"line":9,"column":13}},"loc":{"start":{"line":9,"column":18},"end":{"line":26,"column":3}},"line":9},"2":{"name":"(anonymous_2)","decl":{"start":{"line":10,"column":22},"end":{"line":10,"column":23}},"loc":{"start":{"line":10,"column":34},"end":{"line":23,"column":5}},"line":10}},"branchMap":{},"s":{"0":0,"1":0,"2":0,"3":0,"4":0,"5":0,"6":0,"7":0,"8":0,"9":0,"10":0,"11":0,"12":0,"13":0,"14":0,"15":0,"16":0},"f":{"0":0,"1":0,"2":0},"b":{}}
,"C:\\Users\\Salom\\Desktop\\LOLA DOCS\\fullStack\\Front-End\\Projects\\movie-bit\\src\\pages\\about\\About.jsx": {"path":"C:\\Users\\Salom\\Desktop\\LOLA DOCS\\fullStack\\Front-End\\Projects\\movie-bit\\src\\pages\\about\\About.jsx","statementMap":{"0":{"start":{"line":7,"column":14},"end":{"line":48,"column":1}},"1":{"start":{"line":8,"column":18},"end":{"line":8,"column":52}},"2":{"start":{"line":8,"column":41},"end":{"line":8,"column":51}},"3":{"start":{"line":9,"column":28},"end":{"line":9,"column":55}},"4":{"start":{"line":10,"column":38},"end":{"line":15,"column":4}},"5":{"start":{"line":12,"column":6},"end":{"line":13,"column":68}},"6":{"start":{"line":14,"column":4},"end":{"line":14,"column":14}},"7":{"start":{"line":17,"column":2},"end":{"line":22,"column":27}},"8":{"start":{"line":19,"column":6},"end":{"line":20,"column":68}},"9":{"start":{"line":21,"column":4},"end":{"line":21,"column":22}},"10":{"start":{"line":23,"column":2},"end":{"line":47,"column":4}}},"fnMap":{"0":{"name":"(anonymous_0)","decl":{"start":{"line":7,"column":14},"end":{"line":7,"column":15}},"loc":{"start":{"line":7,"column":20},"end":{"line":48,"column":1}},"line":7},"1":{"name":"(anonymous_1)","decl":{"start":{"line":8,"column":30},"end":{"line":8,"column":31}},"loc":{"start":{"line":8,"column":41},"end":{"line":8,"column":51}},"line":8},"2":{"name":"(anonymous_2)","decl":{"start":{"line":10,"column":47},"end":{"line":10,"column":48}},"loc":{"start":{"line":10,"column":53},"end":{"line":15,"column":3}},"line":10},"3":{"name":"(anonymous_3)","decl":{"start":{"line":17,"column":12},"end":{"line":17,"column":13}},"loc":{"start":{"line":17,"column":18},"end":{"line":22,"column":3}},"line":17}},"branchMap":{"0":{"loc":{"start":{"line":26,"column":7},"end":{"line":30,"column":7}},"type":"binary-expr","locations":[{"start":{"line":26,"column":7},"end":{"line":26,"column":15}},{"start":{"line":27,"column":8},"end":{"line":29,"column":14}}],"line":26}},"s":{"0":0,"1":0,"2":0,"3":0,"4":0,"5":0,"6":0,"7":0,"8":0,"9":0,"10":0},"f":{"0":0,"1":0,"2":0,"3":0},"b":{"0":[0,0]}}
,"C:\\Users\\Salom\\Desktop\\LOLA DOCS\\fullStack\\Front-End\\Projects\\movie-bit\\src\\pages\\privacyPolicy\\PrivacyPolicy.jsx": {"path":"C:\\Users\\Salom\\Desktop\\LOLA DOCS\\fullStack\\Front-End\\Projects\\movie-bit\\src\\pages\\privacyPolicy\\PrivacyPolicy.jsx","statementMap":{"0":{"start":{"line":3,"column":22},"end":{"line":344,"column":1}},"1":{"start":{"line":4,"column":2},"end":{"line":343,"column":4}}},"fnMap":{"0":{"name":"(anonymous_0)","decl":{"start":{"line":3,"column":22},"end":{"line":3,"column":23}},"loc":{"start":{"line":3,"column":28},"end":{"line":344,"column":1}},"line":3}},"branchMap":{},"s":{"0":1,"1":2},"f":{"0":2},"b":{},"_coverageSchema":"1a1c01bbd47fc00a2c39e90264f33305004495a9","hash":"8745dbae0556d65fbdca49dc0831eec87f638730"}
,"C:\\Users\\Salom\\Desktop\\LOLA DOCS\\fullStack\\Front-End\\Projects\\movie-bit\\src\\pages\\terms\\TermsOfUse.jsx": {"path":"C:\\Users\\Salom\\Desktop\\LOLA DOCS\\fullStack\\Front-End\\Projects\\movie-bit\\src\\pages\\terms\\TermsOfUse.jsx","statementMap":{"0":{"start":{"line":3,"column":19},"end":{"line":288,"column":1}},"1":{"start":{"line":4,"column":2},"end":{"line":287,"column":4}}},"fnMap":{"0":{"name":"(anonymous_0)","decl":{"start":{"line":3,"column":19},"end":{"line":3,"column":20}},"loc":{"start":{"line":3,"column":25},"end":{"line":288,"column":1}},"line":3}},"branchMap":{},"s":{"0":1,"1":1},"f":{"0":1},"b":{},"_coverageSchema":"1a1c01bbd47fc00a2c39e90264f33305004495a9","hash":"4a1cea0319b03af2a00159ce5153a67886b8a1f0"}
}
