{"C:\\Users\\Salom\\Desktop\\movie-bit\\src\\components\\carousel\\Carousel.jsx": {"path":"C:\\Users\\Salom\\Desktop\\movie-bit\\src\\components\\carousel\\Carousel.jsx","statementMap":{"0":{"start":{"line":20,"column":4},"end":{"line":20,"column":17}},"1":{"start":{"line":21,"column":4},"end":{"line":21,"column":37}},"2":{"start":{"line":24,"column":4},"end":{"line":26,"column":6}},"3":{"start":{"line":30,"column":4},"end":{"line":30,"column":37}},"4":{"start":{"line":34,"column":4},"end":{"line":34,"column":25}},"5":{"start":{"line":35,"column":4},"end":{"line":35,"column":29}},"6":{"start":{"line":38,"column":4},"end":{"line":41,"column":5}},"7":{"start":{"line":40,"column":6},"end":{"line":40,"column":52}},"8":{"start":{"line":44,"column":4},"end":{"line":44,"column":39}},"9":{"start":{"line":48,"column":17},"end":{"line":134,"column":1}},"10":{"start":{"line":49,"column":28},"end":{"line":49,"column":36}},"11":{"start":{"line":50,"column":18},"end":{"line":50,"column":52}},"12":{"start":{"line":50,"column":41},"end":{"line":50,"column":51}},"13":{"start":{"line":51,"column":19},"end":{"line":51,"column":32}},"14":{"start":{"line":53,"column":21},"end":{"line":64,"column":3}},"15":{"start":{"line":54,"column":22},"end":{"line":54,"column":47}},"16":{"start":{"line":56,"column":6},"end":{"line":58,"column":61}},"17":{"start":{"line":60,"column":4},"end":{"line":63,"column":7}},"18":{"start":{"line":66,"column":17},"end":{"line":76,"column":3}},"19":{"start":{"line":67,"column":4},"end":{"line":75,"column":6}},"20":{"start":{"line":78,"column":2},"end":{"line":133,"column":4}},"21":{"start":{"line":85,"column":27},"end":{"line":85,"column":45}},"22":{"start":{"line":89,"column":27},"end":{"line":89,"column":46}},"23":{"start":{"line":95,"column":36},"end":{"line":97,"column":36}},"24":{"start":{"line":98,"column":18},"end":{"line":122,"column":20}},"25":{"start":{"line":103,"column":24},"end":{"line":103,"column":78}},"26":{"start":{"line":136,"column":0},"end":{"line":142,"column":2}}},"fnMap":{"0":{"name":"(anonymous_0)","decl":{"start":{"line":19,"column":2},"end":{"line":19,"column":3}},"loc":{"start":{"line":19,"column":21},"end":{"line":22,"column":3}},"line":19},"1":{"name":"(anonymous_1)","decl":{"start":{"line":23,"column":2},"end":{"line":23,"column":3}},"loc":{"start":{"line":23,"column":25},"end":{"line":27,"column":1}},"line":23},"2":{"name":"(anonymous_2)","decl":{"start":{"line":28,"column":2},"end":{"line":28,"column":3}},"loc":{"start":{"line":28,"column":41},"end":{"line":31,"column":3}},"line":28},"3":{"name":"(anonymous_3)","decl":{"start":{"line":32,"column":2},"end":{"line":32,"column":3}},"loc":{"start":{"line":32,"column":38},"end":{"line":36,"column":3}},"line":32},"4":{"name":"(anonymous_4)","decl":{"start":{"line":37,"column":2},"end":{"line":37,"column":3}},"loc":{"start":{"line":37,"column":11},"end":{"line":45,"column":3}},"line":37},"5":{"name":"(anonymous_5)","decl":{"start":{"line":48,"column":17},"end":{"line":48,"column":18}},"loc":{"start":{"line":48,"column":57},"end":{"line":134,"column":1}},"line":48},"6":{"name":"(anonymous_6)","decl":{"start":{"line":50,"column":30},"end":{"line":50,"column":31}},"loc":{"start":{"line":50,"column":41},"end":{"line":50,"column":51}},"line":50},"7":{"name":"(anonymous_7)","decl":{"start":{"line":53,"column":21},"end":{"line":53,"column":22}},"loc":{"start":{"line":53,"column":30},"end":{"line":64,"column":3}},"line":53},"8":{"name":"(anonymous_8)","decl":{"start":{"line":66,"column":17},"end":{"line":66,"column":18}},"loc":{"start":{"line":66,"column":23},"end":{"line":76,"column":3}},"line":66},"9":{"name":"(anonymous_9)","decl":{"start":{"line":85,"column":21},"end":{"line":85,"column":22}},"loc":{"start":{"line":85,"column":27},"end":{"line":85,"column":45}},"line":85},"10":{"name":"(anonymous_10)","decl":{"start":{"line":89,"column":21},"end":{"line":89,"column":22}},"loc":{"start":{"line":89,"column":27},"end":{"line":89,"column":46}},"line":89},"11":{"name":"(anonymous_11)","decl":{"start":{"line":94,"column":26},"end":{"line":94,"column":27}},"loc":{"start":{"line":94,"column":36},"end":{"line":123,"column":17}},"line":94},"12":{"name":"(anonymous_12)","decl":{"start":{"line":102,"column":31},"end":{"line":102,"column":32}},"loc":{"start":{"line":103,"column":24},"end":{"line":103,"column":78}},"line":103}},"branchMap":{"0":{"loc":{"start":{"line":38,"column":4},"end":{"line":41,"column":5}},"type":"if","locations":[{"start":{"line":38,"column":4},"end":{"line":41,"column":5}},{"start":{},"end":{}}],"line":38},"1":{"loc":{"start":{"line":44,"column":11},"end":{"line":44,"column":38}},"type":"binary-expr","locations":[{"start":{"line":44,"column":11},"end":{"line":44,"column":30}},{"start":{"line":44,"column":34},"end":{"line":44,"column":38}}],"line":44},"2":{"loc":{"start":{"line":56,"column":6},"end":{"line":58,"column":61}},"type":"cond-expr","locations":[{"start":{"line":57,"column":10},"end":{"line":57,"column":61}},{"start":{"line":58,"column":10},"end":{"line":58,"column":61}}],"line":56},"3":{"loc":{"start":{"line":82,"column":11},"end":{"line":82,"column":64}},"type":"binary-expr","locations":[{"start":{"line":82,"column":11},"end":{"line":82,"column":16}},{"start":{"line":82,"column":20},"end":{"line":82,"column":64}}],"line":82},"4":{"loc":{"start":{"line":91,"column":11},"end":{"line":129,"column":11}},"type":"cond-expr","locations":[{"start":{"line":92,"column":12},"end":{"line":124,"column":18}},{"start":{"line":126,"column":12},"end":{"line":128,"column":18}}],"line":91},"5":{"loc":{"start":{"line":93,"column":15},"end":{"line":123,"column":18}},"type":"binary-expr","locations":[{"start":{"line":93,"column":15},"end":{"line":93,"column":19}},{"start":{"line":94,"column":16},"end":{"line":123,"column":18}}],"line":93},"6":{"loc":{"start":{"line":95,"column":36},"end":{"line":97,"column":36}},"type":"cond-expr","locations":[{"start":{"line":96,"column":22},"end":{"line":96,"column":51}},{"start":{"line":97,"column":22},"end":{"line":97,"column":36}}],"line":95},"7":{"loc":{"start":{"line":103,"column":37},"end":{"line":103,"column":64}},"type":"binary-expr","locations":[{"start":{"line":103,"column":37},"end":{"line":103,"column":52}},{"start":{"line":103,"column":56},"end":{"line":103,"column":64}}],"line":103},"8":{"loc":{"start":{"line":114,"column":49},"end":{"line":114,"column":72}},"type":"binary-expr","locations":[{"start":{"line":114,"column":49},"end":{"line":114,"column":59}},{"start":{"line":114,"column":63},"end":{"line":114,"column":72}}],"line":114},"9":{"loc":{"start":{"line":117,"column":28},"end":{"line":117,"column":68}},"type":"binary-expr","locations":[{"start":{"line":117,"column":28},"end":{"line":117,"column":45}},{"start":{"line":117,"column":49},"end":{"line":117,"column":68}}],"line":117}},"s":{"0":0,"1":0,"2":0,"3":0,"4":0,"5":0,"6":0,"7":0,"8":0,"9":0,"10":0,"11":0,"12":0,"13":0,"14":0,"15":0,"16":0,"17":0,"18":0,"19":0,"20":0,"21":0,"22":0,"23":0,"24":0,"25":0,"26":0},"f":{"0":0,"1":0,"2":0,"3":0,"4":0,"5":0,"6":0,"7":0,"8":0,"9":0,"10":0,"11":0,"12":0},"b":{"0":[0,0],"1":[0,0],"2":[0,0],"3":[0,0],"4":[0,0],"5":[0,0],"6":[0,0],"7":[0,0],"8":[0,0],"9":[0,0]}}
,"C:\\Users\\Salom\\Desktop\\movie-bit\\src\\components\\contentWrapper\\ContentWrapper.jsx": {"path":"C:\\Users\\Salom\\Desktop\\movie-bit\\src\\components\\contentWrapper\\ContentWrapper.jsx","statementMap":{"0":{"start":{"line":4,"column":23},"end":{"line":6,"column":1}},"1":{"start":{"line":5,"column":4},"end":{"line":5,"column":60}},"2":{"start":{"line":8,"column":0},"end":{"line":10,"column":2}}},"fnMap":{"0":{"name":"(anonymous_0)","decl":{"start":{"line":4,"column":23},"end":{"line":4,"column":24}},"loc":{"start":{"line":4,"column":41},"end":{"line":6,"column":1}},"line":4}},"branchMap":{},"s":{"0":1,"1":2,"2":1},"f":{"0":2},"b":{},"_coverageSchema":"1a1c01bbd47fc00a2c39e90264f33305004495a9","hash":"e3b329c9ad25dcb872be09e288550c904069f162"}
,"C:\\Users\\Salom\\Desktop\\movie-bit\\src\\components\\footer\\Footer.jsx": {"path":"C:\\Users\\Salom\\Desktop\\movie-bit\\src\\components\\footer\\Footer.jsx","statementMap":{"0":{"start":{"line":8,"column":15},"end":{"line":52,"column":1}},"1":{"start":{"line":9,"column":2},"end":{"line":51,"column":4}}},"fnMap":{"0":{"name":"(anonymous_0)","decl":{"start":{"line":8,"column":15},"end":{"line":8,"column":16}},"loc":{"start":{"line":8,"column":21},"end":{"line":52,"column":1}},"line":8}},"branchMap":{},"s":{"0":0,"1":0},"f":{"0":0},"b":{}}
,"C:\\Users\\Salom\\Desktop\\movie-bit\\src\\pages\\privacyPolicy\\PrivacyPolicy.jsx": {"path":"C:\\Users\\Salom\\Desktop\\movie-bit\\src\\pages\\privacyPolicy\\PrivacyPolicy.jsx","statementMap":{"0":{"start":{"line":3,"column":22},"end":{"line":15,"column":1}},"1":{"start":{"line":4,"column":2},"end":{"line":14,"column":3}}},"fnMap":{"0":{"name":"(anonymous_0)","decl":{"start":{"line":3,"column":22},"end":{"line":3,"column":23}},"loc":{"start":{"line":3,"column":28},"end":{"line":15,"column":1}},"line":3}},"branchMap":{},"s":{"0":1,"1":2},"f":{"0":2},"b":{},"_coverageSchema":"1a1c01bbd47fc00a2c39e90264f33305004495a9","hash":"8ad37859629d6a2d1997a9f2aed3785a782a3ba9"}
,"C:\\Users\\Salom\\Desktop\\movie-bit\\src\\pages\\terms\\TermsOfUse.jsx": {"path":"C:\\Users\\Salom\\Desktop\\movie-bit\\src\\pages\\terms\\TermsOfUse.jsx","statementMap":{"0":{"start":{"line":3,"column":19},"end":{"line":15,"column":1}},"1":{"start":{"line":4,"column":2},"end":{"line":14,"column":3}}},"fnMap":{"0":{"name":"(anonymous_0)","decl":{"start":{"line":3,"column":19},"end":{"line":3,"column":20}},"loc":{"start":{"line":3,"column":25},"end":{"line":15,"column":1}},"line":3}},"branchMap":{},"s":{"0":1,"1":2},"f":{"0":2},"b":{},"_coverageSchema":"1a1c01bbd47fc00a2c39e90264f33305004495a9","hash":"78956c691f695b33bdb942c30f4ddf806069f469"}
}
